d:\workspace\alloy2relsmt\experiments\com\com_th1.als : sat (60)
d:\workspace\alloy2relsmt\experiments\com\com_th1.als.smt2 : timeout (60)
d:\workspace\alloy2relsmt\experiments\com\com_th2.als : timeout (60)
d:\workspace\alloy2relsmt\experiments\com\com_th2.als.smt2 : sat (60)
d:\workspace\alloy2relsmt\experiments\com\com_th3.als : unsat (60)
d:\workspace\alloy2relsmt\experiments\com\com_th3.als.smt2 : unsat (60)
d:\workspace\alloy2relsmt\experiments\com\com_th4a.als : unsat (60)
d:\workspace\alloy2relsmt\experiments\com\com_th4a.als.smt2 : unsat (60)
d:\workspace\alloy2relsmt\experiments\com\com_th4b.als : sat (60)
d:\workspace\alloy2relsmt\experiments\com\com_th4b.als.smt2 : unsat (60)
d:\workspace\alloy2relsmt\experiments\filesystem\filesystem_fileInDir.als : timeout (60)
d:\workspace\alloy2relsmt\experiments\filesystem\filesystem_fileInDir.als.smt2 : sat (60)
d:\workspace\alloy2relsmt\experiments\filesystem\filesystem_oneParent.als : unsat (60)
d:\workspace\alloy2relsmt\experiments\filesystem\filesystem_oneParent.als.smt2 : timeout (60)
d:\workspace\alloy2relsmt\experiments\filesystem\filesystem_someDir.als : unsat (60)
d:\workspace\alloy2relsmt\experiments\filesystem\filesystem_someDir.als.smt2 : sat (60)
d:\workspace\alloy2relsmt\experiments\marksweepgc\marksweepgc_completeness.als : sat (60)
d:\workspace\alloy2relsmt\experiments\marksweepgc\marksweepgc_completeness.als.smt2 : sat (60)
d:\workspace\alloy2relsmt\experiments\marksweepgc\marksweepgc_soundness1.als : unsat (60)
d:\workspace\alloy2relsmt\experiments\marksweepgc\marksweepgc_soundness1.als.smt2 : unsat (60)
d:\workspace\alloy2relsmt\experiments\marksweepgc\marksweepgc_soundness2.als : unsat (60)
d:\workspace\alloy2relsmt\experiments\marksweepgc\marksweepgc_soundness2.als.smt2 : sat (60)
d:\workspace\alloy2relsmt\experiments\experiment.log : unsat (60)
d:\workspace\alloy2relsmt\experiments\run-experiments.py : unsat (60)

